<?xml version="1.0" encoding="UTF-8"?>
<testsuite xmlns:xsi="http://www.w3.org/2001/XMLSchema-instance" xsi:noNamespaceSchemaLocation="https://maven.apache.org/surefire/maven-surefire-plugin/xsd/surefire-test-report-3.0.xsd" version="3.0" name="com.turkcell.TurkcellCRM.commonPackage.CommonPackageApplicationTests" time="4.34" tests="1" errors="0" skipped="0" failures="0">
  <properties>
[...]
</properties>
  <testcase name="contextLoads" classname="com.turkcell.TurkcellCRM.commonPackage.CommonPackageApplicationTests" time="1.281">
    <system-out><![CDATA[04:12:42.059 [main] INFO org.springframework.test.context.support.AnnotationConfigContextLoaderUtils -- Could not detect default configuration classes for test class [com.turkcell.TurkcellCRM.commonPackage.CommonPackageApplicationTests]: CommonPackageApplicationTests does not declare any static, non-private, non-final, nested classes annotated with @Configuration.
04:12:42.232 [main] INFO org.springframework.boot.test.context.SpringBootTestContextBootstrapper -- Found @SpringBootConfiguration com.turkcell.TurkcellCRM.commonPackage.CommonPackageApplication for test class com.turkcell.TurkcellCRM.commonPackage.CommonPackageApplicationTests

  .   ____          _            __ _ _
 /\\ / ___'_ __ _ _(_)_ __  __ _ \ \ \ \
( ( )\___ | '_ | '_| | '_ \/ _` | \ \ \ \
 \\/  ___)| |_)| | | | | || (_| |  ) ) ) )
  '  |____| .__|_| |_|_| |_\__, | / / / /
 =========|_|==============|___/=/_/_/_/
 :: Spring Boot ::                (v3.2.5)

2024-06-10T04:12:42.923+03:00  INFO 19384 --- [common-package] [           main] c.t.T.c.CommonPackageApplicationTests    : Starting CommonPackageApplicationTests using Java 17.0.8 with PID 19384 (started by DELL in C:\Users\DELL\Desktop\mikroservis\TurkcellCRM_v2-main\commonPackage)
2024-06-10T04:12:42.925+03:00  INFO 19384 --- [common-package] [           main] c.t.T.c.CommonPackageApplicationTests    : No active profile set, falling back to 1 default profile: "default"
2024-06-10T04:12:44.849+03:00  INFO 19384 --- [common-package] [           main] c.t.T.c.CommonPackageApplicationTests    : Started CommonPackageApplicationTests in 2.374 seconds (process running for 3.79)
]]></system-out>
  </testcase>
</testsuite>